<?xml version="1.0" encoding="UTF-8"?>
<!-- Generated by org.testng.reporters.JUnitReportReporter -->
<testsuite hostname="IN-10PN6S3" failures="0" tests="7" name="com.nagarro.BDDTesting.TestRunner" time="71.832" errors="0" timestamp="2024-11-18T15:03:55 IST" skipped="0">
  <testcase classname="com.nagarro.BDDTesting.TestRunner" name="runScenario" time="8.737"/>
  <system-out/>
  <testcase classname="com.nagarro.BDDTesting.TestRunner" name="runScenario" time="6.356"/>
  <system-out/>
  <testcase classname="com.nagarro.BDDTesting.TestRunner" name="runScenario" time="15.650"/>
  <system-out/>
  <testcase classname="com.nagarro.BDDTesting.TestRunner" name="runScenario" time="14.691"/>
  <system-out/>
  <testcase classname="com.nagarro.BDDTesting.TestRunner" name="runScenario" time="8.140"/>
  <system-out/>
  <testcase classname="com.nagarro.BDDTesting.TestRunner" name="runScenario" time="8.450"/>
  <system-out/>
  <testcase classname="com.nagarro.BDDTesting.TestRunner" name="runScenario" time="9.808"/>
  <system-out/>
</testsuite> <!-- com.nagarro.BDDTesting.TestRunner -->
